<?xml version="1.0" encoding="UTF-8"?>
<testng-results skipped="0" failed="1" ignored="0" total="3" passed="2">
  <reporter-output>
  </reporter-output>
  <suite name="Login tests" duration-ms="57481" started-at="2019-10-19T17:26:05Z" finished-at="2019-10-19T17:27:03Z">
    <groups>
    </groups>
    <test name="Test1-success login" duration-ms="17707" started-at="2019-10-19T17:26:05Z" finished-at="2019-10-19T17:26:23Z">
      <class name="tPOM_tests.Test1">
        <test-method status="PASS" signature="setUp()[pri:0, instance:tPOM_tests.Test1@6f195bc3]" name="setUp" is-config="true" duration-ms="11862" started-at="2019-10-19T17:26:05Z" finished-at="2019-10-19T17:26:17Z">
          <reporter-output>
          </reporter-output>
        </test-method> <!-- setUp -->
        <test-method status="PASS" signature="beforeMethod()[pri:0, instance:tPOM_tests.Test1@6f195bc3]" name="beforeMethod" is-config="true" duration-ms="2151" started-at="2019-10-19T17:26:17Z" finished-at="2019-10-19T17:26:19Z">
          <reporter-output>
          </reporter-output>
        </test-method> <!-- beforeMethod -->
        <test-method status="PASS" signature="testSuccessLogin(java.lang.String, java.lang.String)[pri:0, instance:tPOM_tests.Test1@6f195bc3]" name="testSuccessLogin" duration-ms="2218" started-at="2019-10-19T17:26:19Z" finished-at="2019-10-19T17:26:22Z">
          <params>
            <param index="0">
              <value>
                <![CDATA[test@email.com]]>
              </value>
            </param>
            <param index="1">
              <value>
                <![CDATA[12345]]>
              </value>
            </param>
          </params>
          <reporter-output>
          </reporter-output>
        </test-method> <!-- testSuccessLogin -->
        <test-method status="PASS" signature="tearDown(java.lang.reflect.Method)[pri:0, instance:tPOM_tests.Test1@6f195bc3]" name="tearDown" is-config="true" duration-ms="1448" started-at="2019-10-19T17:26:22Z" finished-at="2019-10-19T17:26:23Z">
          <params>
            <param index="0">
              <value>
                <![CDATA[public void tPOM_tests.Test1.testSuccessLogin(java.lang.String,java.lang.String)]]>
              </value>
            </param>
          </params>
          <reporter-output>
          </reporter-output>
        </test-method> <!-- tearDown -->
      </class> <!-- tPOM_tests.Test1 -->
    </test> <!-- Test1-success login -->
    <test name="Test2-success login" duration-ms="14847" started-at="2019-10-19T17:26:23Z" finished-at="2019-10-19T17:26:38Z">
      <class name="tPOM_tests.Test1">
        <test-method status="PASS" signature="setUp()[pri:0, instance:tPOM_tests.Test1@5bfbf16f]" name="setUp" is-config="true" duration-ms="9685" started-at="2019-10-19T17:26:23Z" finished-at="2019-10-19T17:26:33Z">
          <reporter-output>
          </reporter-output>
        </test-method> <!-- setUp -->
        <test-method status="PASS" signature="beforeMethod()[pri:0, instance:tPOM_tests.Test1@5bfbf16f]" name="beforeMethod" is-config="true" duration-ms="2134" started-at="2019-10-19T17:26:33Z" finished-at="2019-10-19T17:26:35Z">
          <reporter-output>
          </reporter-output>
        </test-method> <!-- beforeMethod -->
        <test-method status="PASS" signature="testSuccessLogin(java.lang.String, java.lang.String)[pri:0, instance:tPOM_tests.Test1@5bfbf16f]" name="testSuccessLogin" duration-ms="1672" started-at="2019-10-19T17:26:35Z" finished-at="2019-10-19T17:26:37Z">
          <params>
            <param index="0">
              <value>
                <![CDATA[test2@email.com]]>
              </value>
            </param>
            <param index="1">
              <value>
                <![CDATA[12345]]>
              </value>
            </param>
          </params>
          <reporter-output>
          </reporter-output>
        </test-method> <!-- testSuccessLogin -->
        <test-method status="PASS" signature="tearDown(java.lang.reflect.Method)[pri:0, instance:tPOM_tests.Test1@5bfbf16f]" name="tearDown" is-config="true" duration-ms="1353" started-at="2019-10-19T17:26:37Z" finished-at="2019-10-19T17:26:38Z">
          <params>
            <param index="0">
              <value>
                <![CDATA[public void tPOM_tests.Test1.testSuccessLogin(java.lang.String,java.lang.String)]]>
              </value>
            </param>
          </params>
          <reporter-output>
          </reporter-output>
        </test-method> <!-- tearDown -->
      </class> <!-- tPOM_tests.Test1 -->
    </test> <!-- Test2-success login -->
    <test name="Test3- Unsuccess login" duration-ms="24892" started-at="2019-10-19T17:26:38Z" finished-at="2019-10-19T17:27:03Z">
      <class name="tPOM_tests.Test1">
        <test-method status="PASS" signature="setUp()[pri:0, instance:tPOM_tests.Test1@4923ab24]" name="setUp" is-config="true" duration-ms="9737" started-at="2019-10-19T17:26:38Z" finished-at="2019-10-19T17:26:48Z">
          <reporter-output>
          </reporter-output>
        </test-method> <!-- setUp -->
        <test-method status="PASS" signature="beforeMethod()[pri:0, instance:tPOM_tests.Test1@4923ab24]" name="beforeMethod" is-config="true" duration-ms="2115" started-at="2019-10-19T17:26:48Z" finished-at="2019-10-19T17:26:50Z">
          <reporter-output>
          </reporter-output>
        </test-method> <!-- beforeMethod -->
        <test-method status="FAIL" signature="testSuccessLogin(java.lang.String, java.lang.String)[pri:0, instance:tPOM_tests.Test1@4923ab24]" name="testSuccessLogin" duration-ms="11631" started-at="2019-10-19T17:26:50Z" finished-at="2019-10-19T17:27:01Z">
          <params>
            <param index="0">
              <value>
                <![CDATA[test22@email.com]]>
              </value>
            </param>
            <param index="1">
              <value>
                <![CDATA[123245]]>
              </value>
            </param>
          </params>
          <exception class="org.openqa.selenium.StaleElementReferenceException">
            <message>
              <![CDATA[stale element reference: element is not attached to the page document
  (Session info: chrome=77.0.3865.120)
For documentation on this error, please visit: http://seleniumhq.org/exceptions/stale_element_reference.html
Build info: version: '3.13.0', revision: '2f0d292', time: '2018-06-25T15:32:19.891Z'
System info: host: '2210-BGR', ip: '192.168.0.174', os.name: 'Windows 10', os.arch: 'amd64', os.version: '10.0', java.version: '1.8.0_221'
Driver info: org.openqa.selenium.chrome.ChromeDriver
Capabilities {acceptInsecureCerts: false, browserName: chrome, browserVersion: 77.0.3865.120, chrome: {chromedriverVersion: 77.0.3865.40 (f484704e052e0..., userDataDir: C:\Users\PLAMEN~1\AppData\L...}, goog:chromeOptions: {debuggerAddress: localhost:63170}, javascriptEnabled: true, networkConnectionEnabled: false, pageLoadStrategy: normal, platform: XP, platformName: XP, proxy: Proxy(), setWindowRect: true, strictFileInteractability: false, timeouts: {implicit: 0, pageLoad: 300000, script: 30000}, unhandledPromptBehavior: dismiss and notify}
Session ID: 6fd8e1ed92a05e9a9a1a480a9f41b467]]>
            </message>
            <full-stacktrace>
              <![CDATA[org.openqa.selenium.StaleElementReferenceException: stale element reference: element is not attached to the page document
  (Session info: chrome=77.0.3865.120)
For documentation on this error, please visit: http://seleniumhq.org/exceptions/stale_element_reference.html
Build info: version: '3.13.0', revision: '2f0d292', time: '2018-06-25T15:32:19.891Z'
System info: host: '2210-BGR', ip: '192.168.0.174', os.name: 'Windows 10', os.arch: 'amd64', os.version: '10.0', java.version: '1.8.0_221'
Driver info: org.openqa.selenium.chrome.ChromeDriver
Capabilities {acceptInsecureCerts: false, browserName: chrome, browserVersion: 77.0.3865.120, chrome: {chromedriverVersion: 77.0.3865.40 (f484704e052e0..., userDataDir: C:\Users\PLAMEN~1\AppData\L...}, goog:chromeOptions: {debuggerAddress: localhost:63170}, javascriptEnabled: true, networkConnectionEnabled: false, pageLoadStrategy: normal, platform: XP, platformName: XP, proxy: Proxy(), setWindowRect: true, strictFileInteractability: false, timeouts: {implicit: 0, pageLoad: 300000, script: 30000}, unhandledPromptBehavior: dismiss and notify}
Session ID: 6fd8e1ed92a05e9a9a1a480a9f41b467
at sun.reflect.NativeConstructorAccessorImpl.newInstance0(Native Method)
at sun.reflect.NativeConstructorAccessorImpl.newInstance(Unknown Source)
at sun.reflect.DelegatingConstructorAccessorImpl.newInstance(Unknown Source)
at java.lang.reflect.Constructor.newInstance(Unknown Source)
at org.openqa.selenium.remote.http.W3CHttpResponseCodec.createException(W3CHttpResponseCodec.java:187)
at org.openqa.selenium.remote.http.W3CHttpResponseCodec.decode(W3CHttpResponseCodec.java:122)
at org.openqa.selenium.remote.http.W3CHttpResponseCodec.decode(W3CHttpResponseCodec.java:49)
at org.openqa.selenium.remote.HttpCommandExecutor.execute(HttpCommandExecutor.java:158)
at org.openqa.selenium.remote.service.DriverCommandExecutor.execute(DriverCommandExecutor.java:83)
at org.openqa.selenium.remote.RemoteWebDriver.execute(RemoteWebDriver.java:548)
at org.openqa.selenium.remote.RemoteWebElement.execute(RemoteWebElement.java:276)
at org.openqa.selenium.remote.RemoteWebElement.getText(RemoteWebElement.java:160)
at Utilities.Utils.verifyEqualTexts(Utils.java:46)
at tPOM_tests.Test1.testSuccessLogin(Test1.java:37)
at sun.reflect.NativeMethodAccessorImpl.invoke0(Native Method)
at sun.reflect.NativeMethodAccessorImpl.invoke(Unknown Source)
at sun.reflect.DelegatingMethodAccessorImpl.invoke(Unknown Source)
at java.lang.reflect.Method.invoke(Unknown Source)
at org.testng.internal.MethodInvocationHelper.invokeMethod(MethodInvocationHelper.java:124)
at org.testng.internal.Invoker.invokeMethod(Invoker.java:583)
at org.testng.internal.Invoker.invokeTestMethod(Invoker.java:719)
at org.testng.internal.Invoker.invokeTestMethods(Invoker.java:989)
at org.testng.internal.TestMethodWorker.invokeTestMethods(TestMethodWorker.java:125)
at org.testng.internal.TestMethodWorker.run(TestMethodWorker.java:109)
at org.testng.TestRunner.privateRun(TestRunner.java:648)
at org.testng.TestRunner.run(TestRunner.java:505)
at org.testng.SuiteRunner.runTest(SuiteRunner.java:455)
at org.testng.SuiteRunner.runSequentially(SuiteRunner.java:450)
at org.testng.SuiteRunner.privateRun(SuiteRunner.java:415)
at org.testng.SuiteRunner.run(SuiteRunner.java:364)
at org.testng.SuiteRunnerWorker.runSuite(SuiteRunnerWorker.java:52)
at org.testng.SuiteRunnerWorker.run(SuiteRunnerWorker.java:84)
at org.testng.TestNG.runSuitesSequentially(TestNG.java:1208)
at org.testng.TestNG.runSuitesLocally(TestNG.java:1137)
at org.testng.TestNG.runSuites(TestNG.java:1049)
at org.testng.TestNG.run(TestNG.java:1017)
at org.testng.remote.AbstractRemoteTestNG.run(AbstractRemoteTestNG.java:115)
at org.testng.remote.RemoteTestNG.initAndRun(RemoteTestNG.java:251)
at org.testng.remote.RemoteTestNG.main(RemoteTestNG.java:77)
]]>
            </full-stacktrace>
          </exception> <!-- org.openqa.selenium.StaleElementReferenceException -->
          <reporter-output>
          </reporter-output>
        </test-method> <!-- testSuccessLogin -->
        <test-method status="PASS" signature="tearDown(java.lang.reflect.Method)[pri:0, instance:tPOM_tests.Test1@4923ab24]" name="tearDown" is-config="true" duration-ms="1402" started-at="2019-10-19T17:27:01Z" finished-at="2019-10-19T17:27:03Z">
          <params>
            <param index="0">
              <value>
                <![CDATA[public void tPOM_tests.Test1.testSuccessLogin(java.lang.String,java.lang.String)]]>
              </value>
            </param>
          </params>
          <reporter-output>
          </reporter-output>
        </test-method> <!-- tearDown -->
      </class> <!-- tPOM_tests.Test1 -->
    </test> <!-- Test3- Unsuccess login -->
  </suite> <!-- Login tests -->
</testng-results>
