<?xml version="1.0" encoding="UTF-8"?>
<!-- Generated by org.testng.reporters.JUnitXMLReporter -->
<testsuite hostname="2210-BGR" ignored="0" name="Default test" tests="4" failures="0" timestamp="19 Oct 2019 17:16:23 GMT" time="19.21" errors="0">
  <testcase name="loginTest" time="1.995" classname="TestNG._9th_TestNg_Excel_read"/>
  <testcase name="loginTest" time="1.983" classname="TestNG._9th_TestNg_Excel_read"/>
  <testcase name="loginTest" time="1.885" classname="TestNG._9th_TestNg_Excel_read"/>
  <testcase name="loginTest" time="2.151" classname="TestNG._9th_TestNg_Excel_read"/>
</testsuite> <!-- Default test -->
