<?xml version="1.0" encoding="UTF-8"?>
<!-- Generated by org.testng.reporters.JUnitXMLReporter -->
<testsuite hostname="2210-BGR" ignored="0" name="Test 1" tests="1" failures="0" timestamp="02 Oct 2019 08:23:58 GMT" time="0.033" errors="0">
  <testcase name="@BeforeMethod beforeMethod" time="0.006" classname="POM.Test1">
    <failure type="java.lang.NullPointerException">
      <![CDATA[java.lang.NullPointerException
at POM.Test1.beforeMethod(Test1.java:20)
... Removed 28 stack frames]]>
    </failure>
  </testcase> <!-- @BeforeMethod beforeMethod -->
  <testcase name="test1" time="0.0" classname="POM.Test1">
    <skipped/>
  </testcase> <!-- test1 -->
</testsuite> <!-- Test 1 -->
