<?xml version="1.0" encoding="UTF-8"?>
<!-- Generated by org.testng.reporters.JUnitXMLReporter -->
<testsuite hostname="2210-BGR" ignored="0" name="Application Test" tests="8" failures="0" timestamp="04 Oct 2019 07:09:10 GMT" time="25.146" errors="0">
  <testcase name="test1" time="0.009" classname="TestNG._7thTest_TestNG_annotation"/>
  <testcase name="test4" time="0.006" classname="TestNG._7thTest_TestNG_annotation"/>
  <testcase name="loginTest" time="3.049" classname="TestNG._8th_TestNg_DataProvider"/>
  <testcase name="loginTest" time="2.19" classname="TestNG._8th_TestNg_DataProvider"/>
  <testcase name="loginTest" time="2.497" classname="TestNG._8th_TestNg_DataProvider"/>
  <testcase name="loginTest" time="2.323" classname="TestNG._8th_TestNg_DataProvider"/>
  <testcase name="test3" time="0.002" classname="TestNG._7thTest_TestNG_annotation"/>
  <testcase name="test2" time="0.001" classname="TestNG._7thTest_TestNG_annotation"/>
</testsuite> <!-- Application Test -->
